This is pdfTeX, Version 3.141592653-2.6-1.40.25 (MiKTeX 24.1) (preloaded format=pdflatex 2024.4.19)  10 JUN 2024 17:52
entering extended mode
 restricted \write18 enabled.
 %&-line parsing enabled.
**./tesis.tex
(tesis.tex
LaTeX2e <2023-11-01> patch level 1
L3 programming layer <2024-01-04>
(C:\Users\José Arroyo\AppData\Local\Programs\MiKTeX\tex/latex/base\report.cls
Document Class: report 2023/05/17 v1.4n Standard LaTeX document class
(C:\Users\José Arroyo\AppData\Local\Programs\MiKTeX\tex/latex/base\size12.clo
File: size12.clo 2023/05/17 v1.4n Standard LaTeX file (size option)
)
\c@part=\count187
\c@chapter=\count188
\c@section=\count189
\c@subsection=\count190
\c@subsubsection=\count191
\c@paragraph=\count192
\c@subparagraph=\count193
\c@figure=\count194
\c@table=\count195
\abovecaptionskip=\skip48
\belowcaptionskip=\skip49
\bibindent=\dimen140
)
(C:\Users\José Arroyo\AppData\Local\Programs\MiKTeX\tex/latex/base\inputenc.st
y
Package: inputenc 2021/02/14 v1.3d Input encoding file
\inpenc@prehook=\toks17
\inpenc@posthook=\toks18
)
(C:\Users\José Arroyo\AppData\Local\Programs\MiKTeX\tex/latex/psnfss\mathptmx.
sty
Package: mathptmx 2020/03/25 PSNFSS-v9.3 Times w/ Math, improved (SPQR, WaS) 
LaTeX Font Info:    Redeclaring symbol font `operators' on input line 28.
LaTeX Font Info:    Overwriting symbol font `operators' in version `normal'
(Font)                  OT1/cmr/m/n --> OT1/ztmcm/m/n on input line 28.
LaTeX Font Info:    Overwriting symbol font `operators' in version `bold'
(Font)                  OT1/cmr/bx/n --> OT1/ztmcm/m/n on input line 28.
LaTeX Font Info:    Redeclaring symbol font `letters' on input line 29.
LaTeX Font Info:    Overwriting symbol font `letters' in version `normal'
(Font)                  OML/cmm/m/it --> OML/ztmcm/m/it on input line 29.
LaTeX Font Info:    Overwriting symbol font `letters' in version `bold'
(Font)                  OML/cmm/b/it --> OML/ztmcm/m/it on input line 29.
LaTeX Font Info:    Redeclaring symbol font `symbols' on input line 30.
LaTeX Font Info:    Overwriting symbol font `symbols' in version `normal'
(Font)                  OMS/cmsy/m/n --> OMS/ztmcm/m/n on input line 30.
LaTeX Font Info:    Overwriting symbol font `symbols' in version `bold'
(Font)                  OMS/cmsy/b/n --> OMS/ztmcm/m/n on input line 30.
LaTeX Font Info:    Redeclaring symbol font `largesymbols' on input line 31.
LaTeX Font Info:    Overwriting symbol font `largesymbols' in version `normal'
(Font)                  OMX/cmex/m/n --> OMX/ztmcm/m/n on input line 31.
LaTeX Font Info:    Overwriting symbol font `largesymbols' in version `bold'
(Font)                  OMX/cmex/m/n --> OMX/ztmcm/m/n on input line 31.
\symbold=\mathgroup4
\symitalic=\mathgroup5
LaTeX Font Info:    Redeclaring math alphabet \mathbf on input line 34.
LaTeX Font Info:    Overwriting math alphabet `\mathbf' in version `normal'
(Font)                  OT1/cmr/bx/n --> OT1/ptm/bx/n on input line 34.
LaTeX Font Info:    Overwriting math alphabet `\mathbf' in version `bold'
(Font)                  OT1/cmr/bx/n --> OT1/ptm/bx/n on input line 34.
LaTeX Font Info:    Redeclaring math alphabet \mathit on input line 35.
LaTeX Font Info:    Overwriting math alphabet `\mathit' in version `normal'
(Font)                  OT1/cmr/m/it --> OT1/ptm/m/it on input line 35.
LaTeX Font Info:    Overwriting math alphabet `\mathit' in version `bold'
(Font)                  OT1/cmr/bx/it --> OT1/ptm/m/it on input line 35.
LaTeX Info: Redefining \hbar on input line 50.
)
(C:\Users\José Arroyo\AppData\Local\Programs\MiKTeX\tex/latex/geometry\geometr
y.sty
Package: geometry 2020/01/02 v5.9 Page Geometry

(C:\Users\José Arroyo\AppData\Local\Programs\MiKTeX\tex/latex/graphics\keyval.
sty
Package: keyval 2022/05/29 v1.15 key=value parser (DPC)
\KV@toks@=\toks19
)
(C:\Users\José Arroyo\AppData\Local\Programs\MiKTeX\tex/generic/iftex\ifvtex.s
ty
Package: ifvtex 2019/10/25 v1.7 ifvtex legacy package. Use iftex instead.

(C:\Users\José Arroyo\AppData\Local\Programs\MiKTeX\tex/generic/iftex\iftex.st
y
Package: iftex 2022/02/03 v1.0f TeX engine tests
))
\Gm@cnth=\count196
\Gm@cntv=\count197
\c@Gm@tempcnt=\count198
\Gm@bindingoffset=\dimen141
\Gm@wd@mp=\dimen142
\Gm@odd@mp=\dimen143
\Gm@even@mp=\dimen144
\Gm@layoutwidth=\dimen145
\Gm@layoutheight=\dimen146
\Gm@layouthoffset=\dimen147
\Gm@layoutvoffset=\dimen148
\Gm@dimlist=\toks20

(C:\Users\José Arroyo\AppData\Local\Programs\MiKTeX\tex/latex/geometry\geometr
y.cfg))
(C:\Users\José Arroyo\AppData\Local\Programs\MiKTeX\tex/latex/csquotes\csquote
s.sty
Package: csquotes 2024-04-04 v5.2o context-sensitive quotations (JAW)

(C:\Users\José Arroyo\AppData\Local\Programs\MiKTeX\tex/latex/etoolbox\etoolbo
x.sty
Package: etoolbox 2020/10/05 v2.5k e-TeX tools for LaTeX (JAW)
\etb@tempcnta=\count199
)
\csq@reset=\count266
\csq@gtype=\count267
\csq@glevel=\count268
\csq@qlevel=\count269
\csq@maxlvl=\count270
\csq@tshold=\count271
\csq@ltx@everypar=\toks21

(C:\Users\José Arroyo\AppData\Local\Programs\MiKTeX\tex/latex/csquotes\csquote
s.def
File: csquotes.def 2024-04-04 v5.2o csquotes generic definitions (JAW)
)
Package csquotes Info: Trying to load configuration file 'csquotes.cfg'...
Package csquotes Info: ... configuration file loaded successfully.

(C:\Users\José Arroyo\AppData\Local\Programs\MiKTeX\tex/latex/csquotes\csquote
s.cfg
File: csquotes.cfg 
))
(C:\Users\José Arroyo\AppData\Local\Programs\MiKTeX\tex/generic/babel\babel.st
y
Package: babel 2024/01/07 v24.1 The Babel package
\babel@savecnt=\count272
\U@D=\dimen149
\l@unhyphenated=\language79

(C:\Users\José Arroyo\AppData\Local\Programs\MiKTeX\tex/generic/babel\txtbabel
.def)
\bbl@readstream=\read2
\bbl@dirlevel=\count273

*************************************
* Local config file bblopts.cfg used
*

(C:\Users\José Arroyo\AppData\Local\Programs\MiKTeX\tex/latex/arabi\bblopts.cf
g
File: bblopts.cfg 2005/09/08 v0.1 add Arabic and Farsi to "declared" options of
 babel
)
(C:\Users\José Arroyo\AppData\Local\Programs\MiKTeX\tex/latex/babel-spanish\sp
anish.ldf
Language: spanish.ldf 2021/05/27 v5.0q Spanish support from the babel system
\es@quottoks=\toks22
\es@quotdepth=\count274
Package babel Info: Making " an active character on input line 570.
Package babel Info: Making . an active character on input line 675.
Package babel Info: Making < an active character on input line 722.
Package babel Info: Making > an active character on input line 722.
))
(C:\Users\José Arroyo\AppData\Local\Programs\MiKTeX\tex/generic/babel/locale/e
s\babel-spanish.tex
Package babel Info: Importing font and identification data for spanish
(babel)             from babel-es.ini. Reported on input line 11.
)
(C:\Users\José Arroyo\AppData\Local\Programs\MiKTeX\tex/latex/biblatex\biblate
x.sty
Package: biblatex 2023/03/05 v3.19 programmable bibliographies (PK/MW)

(C:\Users\José Arroyo\AppData\Local\Programs\MiKTeX\tex/generic/pdftexcmds\pdf
texcmds.sty
Package: pdftexcmds 2020-06-27 v0.33 Utility functions of pdfTeX for LuaTeX (HO
)

(C:\Users\José Arroyo\AppData\Local\Programs\MiKTeX\tex/generic/infwarerr\infw
arerr.sty
Package: infwarerr 2019/12/03 v1.5 Providing info/warning/error messages (HO)
)
(C:\Users\José Arroyo\AppData\Local\Programs\MiKTeX\tex/generic/ltxcmds\ltxcmd
s.sty
Package: ltxcmds 2023-12-04 v1.26 LaTeX kernel commands for general use (HO)
)
Package pdftexcmds Info: \pdf@primitive is available.
Package pdftexcmds Info: \pdf@ifprimitive is available.
Package pdftexcmds Info: \pdfdraftmode found.
)
(C:\Users\José Arroyo\AppData\Local\Programs\MiKTeX\tex/latex/kvoptions\kvopti
ons.sty
Package: kvoptions 2022-06-15 v3.15 Key value format for package options (HO)

(C:\Users\José Arroyo\AppData\Local\Programs\MiKTeX\tex/latex/kvsetkeys\kvsetk
eys.sty
Package: kvsetkeys 2022-10-05 v1.19 Key value parser (HO)
))
(C:\Users\José Arroyo\AppData\Local\Programs\MiKTeX\tex/latex/logreq\logreq.st
y
Package: logreq 2010/08/04 v1.0 xml request logger
\lrq@indent=\count275

(C:\Users\José Arroyo\AppData\Local\Programs\MiKTeX\tex/latex/logreq\logreq.de
f
File: logreq.def 2010/08/04 v1.0 logreq spec v1.0
))
(C:\Users\José Arroyo\AppData\Local\Programs\MiKTeX\tex/latex/base\ifthen.sty
Package: ifthen 2022/04/13 v1.1d Standard LaTeX ifthen package (DPC)
) (C:\Users\José Arroyo\AppData\Local\Programs\MiKTeX\tex/latex/url\url.sty
\Urlmuskip=\muskip16
Package: url 2013/09/16  ver 3.4  Verb mode for urls, etc.
)
\c@tabx@nest=\count276
\c@listtotal=\count277
\c@listcount=\count278
\c@liststart=\count279
\c@liststop=\count280
\c@citecount=\count281
\c@citetotal=\count282
\c@multicitecount=\count283
\c@multicitetotal=\count284
\c@instcount=\count285
\c@maxnames=\count286
\c@minnames=\count287
\c@maxitems=\count288
\c@minitems=\count289
\c@citecounter=\count290
\c@maxcitecounter=\count291
\c@savedcitecounter=\count292
\c@uniquelist=\count293
\c@uniquename=\count294
\c@refsection=\count295
\c@refsegment=\count296
\c@maxextratitle=\count297
\c@maxextratitleyear=\count298
\c@maxextraname=\count299
\c@maxextradate=\count300
\c@maxextraalpha=\count301
\c@abbrvpenalty=\count302
\c@highnamepenalty=\count303
\c@lownamepenalty=\count304
\c@maxparens=\count305
\c@parenlevel=\count306
\blx@tempcnta=\count307
\blx@tempcntb=\count308
\blx@tempcntc=\count309
\c@blx@maxsection=\count310
\blx@maxsegment@0=\count311
\blx@notetype=\count312
\blx@parenlevel@text=\count313
\blx@parenlevel@foot=\count314
\blx@sectionciteorder@0=\count315
\blx@sectionciteorderinternal@0=\count316
\blx@entrysetcounter=\count317
\blx@biblioinstance=\count318
\labelnumberwidth=\skip50
\labelalphawidth=\skip51
\biblabelsep=\skip52
\bibitemsep=\skip53
\bibnamesep=\skip54
\bibinitsep=\skip55
\bibparsep=\skip56
\bibhang=\skip57
\blx@bcfin=\read3
\blx@bcfout=\write3
\blx@langwohyphens=\language80
\c@mincomprange=\count319
\c@maxcomprange=\count320
\c@mincompwidth=\count321
Package biblatex Info: Trying to load biblatex default data model...
Package biblatex Info: ... file 'blx-dm.def' found.

(C:\Users\José Arroyo\AppData\Local\Programs\MiKTeX\tex/latex/biblatex\blx-dm.
def
File: blx-dm.def 2023/03/05 v3.19 biblatex localization (PK/MW)
)
Package biblatex Info: Trying to load biblatex style data model...
Package biblatex Info: ... file 'apa.dbx' found.

(C:\Users\José Arroyo\AppData\Local\Programs\MiKTeX\tex/latex/biblatex-apa\apa
.dbx
File: apa.dbx 2023/03/20 v9.17 APA biblatex style data model
)
Package biblatex Info: Trying to load biblatex custom data model...
Package biblatex Info: ... file 'biblatex-dm.cfg' not found.
\c@afterword=\count322
\c@savedafterword=\count323
\c@annotator=\count324
\c@savedannotator=\count325
\c@author=\count326
\c@savedauthor=\count327
\c@bookauthor=\count328
\c@savedbookauthor=\count329
\c@commentator=\count330
\c@savedcommentator=\count331
\c@editor=\count332
\c@savededitor=\count333
\c@editora=\count334
\c@savededitora=\count335
\c@editorb=\count336
\c@savededitorb=\count337
\c@editorc=\count338
\c@savededitorc=\count339
\c@foreword=\count340
\c@savedforeword=\count341
\c@holder=\count342
\c@savedholder=\count343
\c@introduction=\count344
\c@savedintroduction=\count345
\c@namea=\count346
\c@savednamea=\count347
\c@nameb=\count348
\c@savednameb=\count349
\c@namec=\count350
\c@savednamec=\count351
\c@translator=\count352
\c@savedtranslator=\count353
\c@shortauthor=\count354
\c@savedshortauthor=\count355
\c@shorteditor=\count356
\c@savedshorteditor=\count357
\c@narrator=\count358
\c@savednarrator=\count359
\c@execproducer=\count360
\c@savedexecproducer=\count361
\c@execdirector=\count362
\c@savedexecdirector=\count363
\c@with=\count364
\c@savedwith=\count365
\c@labelname=\count366
\c@savedlabelname=\count367
\c@institution=\count368
\c@savedinstitution=\count369
\c@lista=\count370
\c@savedlista=\count371
\c@listb=\count372
\c@savedlistb=\count373
\c@listc=\count374
\c@savedlistc=\count375
\c@listd=\count376
\c@savedlistd=\count377
\c@liste=\count378
\c@savedliste=\count379
\c@listf=\count380
\c@savedlistf=\count381
\c@location=\count382
\c@savedlocation=\count383
\c@organization=\count384
\c@savedorganization=\count385
\c@origlocation=\count386
\c@savedoriglocation=\count387
\c@origpublisher=\count388
\c@savedorigpublisher=\count389
\c@publisher=\count390
\c@savedpublisher=\count391
\c@language=\count392
\c@savedlanguage=\count393
\c@origlanguage=\count394
\c@savedoriglanguage=\count395
\c@citation=\count396
\c@savedcitation=\count397
\c@pageref=\count398
\c@savedpageref=\count399
\shorthandwidth=\skip58
\shortjournalwidth=\skip59
\shortserieswidth=\skip60
\shorttitlewidth=\skip61
\shortauthorwidth=\skip62
\shorteditorwidth=\skip63
\locallabelnumberwidth=\skip64
\locallabelalphawidth=\skip65
\localshorthandwidth=\skip66
\localshortjournalwidth=\skip67
\localshortserieswidth=\skip68
\localshorttitlewidth=\skip69
\localshortauthorwidth=\skip70
\localshorteditorwidth=\skip71
Package biblatex Info: Trying to load compatibility code...
Package biblatex Info: ... file 'blx-compat.def' found.

(C:\Users\José Arroyo\AppData\Local\Programs\MiKTeX\tex/latex/biblatex\blx-com
pat.def
File: blx-compat.def 2023/03/05 v3.19 biblatex compatibility (PK/MW)
)
Package biblatex Info: Trying to load generic definitions...
Package biblatex Info: ... file 'biblatex.def' found.

(C:\Users\José Arroyo\AppData\Local\Programs\MiKTeX\tex/latex/biblatex\biblate
x.def
File: biblatex.def 2023/03/05 v3.19 biblatex compatibility (PK/MW)
\c@textcitecount=\count400
\c@textcitetotal=\count401
\c@textcitemaxnames=\count402
\c@biburlbigbreakpenalty=\count403
\c@biburlbreakpenalty=\count404
\c@biburlnumpenalty=\count405
\c@biburlucpenalty=\count406
\c@biburllcpenalty=\count407
\biburlbigskip=\muskip17
\biburlnumskip=\muskip18
\biburlucskip=\muskip19
\biburllcskip=\muskip20
\c@smartand=\count408
)
Package biblatex Info: Trying to load natbib compatibility...
Package biblatex Info: ... file 'blx-natbib.def' found.

(C:\Users\José Arroyo\AppData\Local\Programs\MiKTeX\tex/latex/biblatex\blx-nat
bib.def
File: blx-natbib.def 2023/03/05 v3.19 biblatex compatibility (PK/MW)
Package biblatex Info: Delimiter 'nameyeardelim' in context '' already defined,
 overwriting.
)
Package biblatex Info: Trying to load bibliography style 'apa'...
Package biblatex Info: ... file 'apa.bbx' found.

(C:\Users\José Arroyo\AppData\Local\Programs\MiKTeX\tex/latex/biblatex-apa\apa
.bbx
File: apa.bbx 2023/03/20 v9.17 APA biblatex references style
Package biblatex Info: Trying to load bibliography style 'standard'...
Package biblatex Info: ... file 'standard.bbx' found.

(C:\Users\José Arroyo\AppData\Local\Programs\MiKTeX\tex/latex/biblatex/bbx\sta
ndard.bbx
File: standard.bbx 2023/03/05 v3.19 biblatex bibliography style (PK/MW)
\c@bbx:relatedcount=\count409
\c@bbx:relatedtotal=\count410
)
Package biblatex Info: Delimiter 'nameyeardelim' in context 'bib' already defin
ed, overwriting.
Package biblatex Info: Delimiter 'nameyeardelim' in context 'biblist' already d
efined, overwriting.
Package biblatex Info: Delimiter 'nonameyeardelim' in context 'bib' already def
ined, overwriting.
Package biblatex Info: Delimiter 'nonameyeardelim' in context 'biblist' already
 defined, overwriting.
)
Package biblatex Info: Trying to load citation style 'apa'...
Package biblatex Info: ... file 'apa.cbx' found.

(C:\Users\José Arroyo\AppData\Local\Programs\MiKTeX\tex/latex/biblatex-apa\apa
.cbx
File: apa.cbx 2023/03/20 v9.17 APA biblatex citation style
Package biblatex Info: Delimiter 'nameyeardelim' in context '' already defined,
 overwriting.
Package biblatex Info: Delimiter 'andothersdelim' in context '' already defined
, overwriting.
Package biblatex Info: Redefining '\fullcite'.
Package biblatex Info: Redefining '\citeauthor'.
Package biblatex Info: Redefining '\citeyear'.
Package biblatex Info: Redefining '\cite'.
Package biblatex Info: Redefining '\cites'.
Package biblatex Info: Redefining '\parencite'.
Package biblatex Info: Redefining '\parencites'.
Package biblatex Info: Redefining '\footcite'.
Package biblatex Info: Redefining '\footcites'.
Package biblatex Info: Redefining '\footcitetext'.
Package biblatex Info: Redefining '\footcitetexts'.
Package biblatex Info: Redefining '\smartcite'.
Package biblatex Info: Redefining '\smartcites'.
Package biblatex Info: Redefining '\textcite'.
Package biblatex Info: Redefining '\textcites'.
)
Package biblatex Info: Trying to load configuration file...
Package biblatex Info: ... file 'biblatex.cfg' found.

(C:\Users\José Arroyo\AppData\Local\Programs\MiKTeX\tex/latex/biblatex\biblate
x.cfg
File: biblatex.cfg 
)
Package biblatex Info: Input encoding 'utf8' detected.
Package biblatex Info: Document encoding is UTF8 ....

(C:\Users\José Arroyo\AppData\Local\Programs\MiKTeX\tex/latex/l3kernel\expl3.s
ty
Package: expl3 2024-01-04 L3 programming layer (loader) 

(C:\Users\José Arroyo\AppData\Local\Programs\MiKTeX\tex/latex/l3backend\l3back
end-pdftex.def
File: l3backend-pdftex.def 2024-01-04 L3 backend support: PDF output (pdfTeX)
\l__color_backend_stack_int=\count411
\l__pdf_internal_box=\box51
))
Package biblatex Info: ... and expl3
(biblatex)             2024-01-04 L3 programming layer (loader) 
(biblatex)             is new enough (at least 2020/04/06),
(biblatex)             setting 'casechanger=expl3'.

(C:\Users\José Arroyo\AppData\Local\Programs\MiKTeX\tex/latex/biblatex\blx-cas
e-expl3.sty
(C:\Users\José Arroyo\AppData\Local\Programs\MiKTeX\tex/latex/l3packages/xpars
e\xparse.sty
Package: xparse 2023-10-10 L3 Experimental document command parser
)
Package: blx-case-expl3 2023/03/05 v3.19 expl3 case changing code for biblatex
))
(C:\Users\José Arroyo\AppData\Local\Programs\MiKTeX\tex/latex/hyperref\hyperre
f.sty
Package: hyperref 2023-11-26 v7.01g Hypertext links for LaTeX

(C:\Users\José Arroyo\AppData\Local\Programs\MiKTeX\tex/generic/kvdefinekeys\k
vdefinekeys.sty
Package: kvdefinekeys 2019-12-19 v1.6 Define keys (HO)
)
(C:\Users\José Arroyo\AppData\Local\Programs\MiKTeX\tex/generic/pdfescape\pdfe
scape.sty
Package: pdfescape 2019/12/09 v1.15 Implements pdfTeX's escape features (HO)
)
(C:\Users\José Arroyo\AppData\Local\Programs\MiKTeX\tex/latex/hycolor\hycolor.
sty
Package: hycolor 2020-01-27 v1.10 Color options for hyperref/bookmark (HO)
)
(C:\Users\José Arroyo\AppData\Local\Programs\MiKTeX\tex/latex/letltxmacro\letl
txmacro.sty
Package: letltxmacro 2019/12/03 v1.6 Let assignment for LaTeX macros (HO)
)
(C:\Users\José Arroyo\AppData\Local\Programs\MiKTeX\tex/latex/auxhook\auxhook.
sty
Package: auxhook 2019-12-17 v1.6 Hooks for auxiliary files (HO)
)
(C:\Users\José Arroyo\AppData\Local\Programs\MiKTeX\tex/latex/hyperref\nameref
.sty
Package: nameref 2023-11-26 v2.56 Cross-referencing by name of section

(C:\Users\José Arroyo\AppData\Local\Programs\MiKTeX\tex/latex/refcount\refcoun
t.sty
Package: refcount 2019/12/15 v3.6 Data extraction from label references (HO)
)
(C:\Users\José Arroyo\AppData\Local\Programs\MiKTeX\tex/generic/gettitlestring
\gettitlestring.sty
Package: gettitlestring 2019/12/15 v1.6 Cleanup title references (HO)
)
\c@section@level=\count412
)
\@linkdim=\dimen150
\Hy@linkcounter=\count413
\Hy@pagecounter=\count414

(C:\Users\José Arroyo\AppData\Local\Programs\MiKTeX\tex/latex/hyperref\pd1enc.
def
File: pd1enc.def 2023-11-26 v7.01g Hyperref: PDFDocEncoding definition (HO)
Now handling font encoding PD1 ...
... no UTF-8 mapping file for font encoding PD1
)
(C:\Users\José Arroyo\AppData\Local\Programs\MiKTeX\tex/generic/intcalc\intcal
c.sty
Package: intcalc 2019/12/15 v1.3 Expandable calculations with integers (HO)
)
\Hy@SavedSpaceFactor=\count415

(C:\Users\José Arroyo\AppData\Local\Programs\MiKTeX\tex/latex/hyperref\puenc.d
ef
File: puenc.def 2023-11-26 v7.01g Hyperref: PDF Unicode definition (HO)
Now handling font encoding PU ...
... no UTF-8 mapping file for font encoding PU
)
Package hyperref Info: Option `colorlinks' set `true' on input line 4064.
Package hyperref Info: Option `bookmarks' set `true' on input line 4064.
Package hyperref Info: Hyper figures OFF on input line 4181.
Package hyperref Info: Link nesting OFF on input line 4186.
Package hyperref Info: Hyper index ON on input line 4189.
Package hyperref Info: Plain pages OFF on input line 4196.
Package hyperref Info: Backreferencing OFF on input line 4201.
Package hyperref Info: Implicit mode ON; LaTeX internals redefined.
Package hyperref Info: Bookmarks ON on input line 4448.
\c@Hy@tempcnt=\count416
LaTeX Info: Redefining \url on input line 4786.
\XeTeXLinkMargin=\dimen151

(C:\Users\José Arroyo\AppData\Local\Programs\MiKTeX\tex/generic/bitset\bitset.
sty
Package: bitset 2019/12/09 v1.3 Handle bit-vector datatype (HO)

(C:\Users\José Arroyo\AppData\Local\Programs\MiKTeX\tex/generic/bigintcalc\big
intcalc.sty
Package: bigintcalc 2019/12/15 v1.5 Expandable calculations on big integers (HO
)
))
\Fld@menulength=\count417
\Field@Width=\dimen152
\Fld@charsize=\dimen153
Package hyperref Info: Hyper figures OFF on input line 6065.
Package hyperref Info: Link nesting OFF on input line 6070.
Package hyperref Info: Hyper index ON on input line 6073.
Package hyperref Info: backreferencing OFF on input line 6080.
Package hyperref Info: Link coloring ON on input line 6083.
Package hyperref Info: Link coloring with OCG OFF on input line 6090.
Package hyperref Info: PDF/A mode OFF on input line 6095.

(C:\Users\José Arroyo\AppData\Local\Programs\MiKTeX\tex/latex/base\atbegshi-lt
x.sty
Package: atbegshi-ltx 2021/01/10 v1.0c Emulation of the original atbegshi
package with kernel methods
)
\Hy@abspage=\count418
\c@Item=\count419
\c@Hfootnote=\count420
)
Package hyperref Info: Driver (autodetected): hpdftex.

(C:\Users\José Arroyo\AppData\Local\Programs\MiKTeX\tex/latex/hyperref\hpdftex
.def
File: hpdftex.def 2023-11-26 v7.01g Hyperref driver for pdfTeX

(C:\Users\José Arroyo\AppData\Local\Programs\MiKTeX\tex/latex/base\atveryend-l
tx.sty
Package: atveryend-ltx 2020/08/19 v1.0a Emulation of the original atveryend pac
kage
with kernel methods
)
\Fld@listcount=\count421
\c@bookmark@seq@number=\count422

(C:\Users\José Arroyo\AppData\Local\Programs\MiKTeX\tex/latex/rerunfilecheck\r
erunfilecheck.sty
Package: rerunfilecheck 2022-07-10 v1.10 Rerun checks for auxiliary files (HO)

(C:\Users\José Arroyo\AppData\Local\Programs\MiKTeX\tex/generic/uniquecounter\
uniquecounter.sty
Package: uniquecounter 2019/12/15 v1.4 Provide unlimited unique counter (HO)
)
Package uniquecounter Info: New unique counter `rerunfilecheck' on input line 2
85.
)
\Hy@SectionHShift=\skip72
)
(C:\Users\José Arroyo\AppData\Local\Programs\MiKTeX\tex/latex/amsfonts\amssymb
.sty
Package: amssymb 2013/01/14 v3.01 AMS font symbols

(C:\Users\José Arroyo\AppData\Local\Programs\MiKTeX\tex/latex/amsfonts\amsfont
s.sty
Package: amsfonts 2013/01/14 v3.01 Basic AMSFonts support
\@emptytoks=\toks23
\symAMSa=\mathgroup6
\symAMSb=\mathgroup7
LaTeX Font Info:    Overwriting math alphabet `\mathfrak' in version `bold'
(Font)                  U/euf/m/n --> U/euf/b/n on input line 106.
))
(C:\Users\José Arroyo\AppData\Local\Programs\MiKTeX\tex/latex/graphics\graphic
x.sty
Package: graphicx 2021/09/16 v1.2d Enhanced LaTeX Graphics (DPC,SPQR)

(C:\Users\José Arroyo\AppData\Local\Programs\MiKTeX\tex/latex/graphics\graphic
s.sty
Package: graphics 2022/03/10 v1.4e Standard LaTeX Graphics (DPC,SPQR)

(C:\Users\José Arroyo\AppData\Local\Programs\MiKTeX\tex/latex/graphics\trig.st
y
Package: trig 2021/08/11 v1.11 sin cos tan (DPC)
)
(C:\Users\José Arroyo\AppData\Local\Programs\MiKTeX\tex/latex/graphics-cfg\gra
phics.cfg
File: graphics.cfg 2016/06/04 v1.11 sample graphics configuration
)
Package graphics Info: Driver file: pdftex.def on input line 107.

(C:\Users\José Arroyo\AppData\Local\Programs\MiKTeX\tex/latex/graphics-def\pdf
tex.def
File: pdftex.def 2022/09/22 v1.2b Graphics/color driver for pdftex
))
\Gin@req@height=\dimen154
\Gin@req@width=\dimen155
)
(C:\Users\José Arroyo\AppData\Local\Programs\MiKTeX\tex/latex/caption\caption.
sty
Package: caption 2023/08/05 v3.6o Customizing captions (AR)

(C:\Users\José Arroyo\AppData\Local\Programs\MiKTeX\tex/latex/caption\caption3
.sty
Package: caption3 2023/07/31 v2.4d caption3 kernel (AR)
\caption@tempdima=\dimen156
\captionmargin=\dimen157
\caption@leftmargin=\dimen158
\caption@rightmargin=\dimen159
\caption@width=\dimen160
\caption@indent=\dimen161
\caption@parindent=\dimen162
\caption@hangindent=\dimen163
Package caption Info: Standard document class detected.
)
\c@caption@flags=\count423
\c@continuedfloat=\count424
Package caption Info: hyperref package is loaded.
)
(C:\Users\José Arroyo\AppData\Local\Programs\MiKTeX\tex/latex/amsfonts\eucal.s
ty
Package: eucal 2009/06/22 v3.00 Euler Script fonts
LaTeX Font Info:    Overwriting math alphabet `\EuScript' in version `bold'
(Font)                  U/eus/m/n --> U/eus/b/n on input line 33.
)
(C:\Users\José Arroyo\AppData\Local\Programs\MiKTeX\tex/latex/graphics\color.s
ty
Package: color 2022/01/06 v1.3d Standard LaTeX Color (DPC)

(C:\Users\José Arroyo\AppData\Local\Programs\MiKTeX\tex/latex/graphics-cfg\col
or.cfg
File: color.cfg 2016/01/02 v1.6 sample color configuration
)
Package color Info: Driver file: pdftex.def on input line 149.

(C:\Users\José Arroyo\AppData\Local\Programs\MiKTeX\tex/latex/graphics\dvipsna
m.def
File: dvipsnam.def 2016/06/17 v3.0m Driver-dependent file (DPC,SPQR)
)
(C:\Users\José Arroyo\AppData\Local\Programs\MiKTeX\tex/latex/graphics\mathcol
or.ltx))
(C:\Users\José Arroyo\AppData\Local\Programs\MiKTeX\tex/latex/footmisc\footmis
c.sty
Package: footmisc 2023/07/05 v6.0f a miscellany of footnote facilities
\FN@temptoken=\toks24
\footnotemargin=\dimen164
\@outputbox@depth=\dimen165

(C:\Users\José Arroyo\AppData\Local\Programs\MiKTeX\tex/latex/bigfoot\perpage.
sty
Package: perpage 2014/10/25 2.0 Reset/sort counters per page
\c@abspage=\count425
)
\c@pp@a@footnote=\count426
Package footmisc Info: Declaring symbol style bringhurst on input line 696.
Package footmisc Info: Declaring symbol style chicago on input line 704.
Package footmisc Info: Declaring symbol style wiley on input line 713.
Package footmisc Info: Declaring symbol style lamport-robust on input line 724.

Package footmisc Info: Declaring symbol style lamport* on input line 744.
Package footmisc Info: Declaring symbol style lamport*-robust on input line 765
.
)
(C:\Users\José Arroyo\AppData\Local\Programs\MiKTeX\tex/latex/tools\multicol.s
ty
Package: multicol 2023/03/30 v1.9f multicolumn formatting (FMi)
\c@tracingmulticols=\count427
\mult@box=\box52
\multicol@leftmargin=\dimen166
\c@unbalance=\count428
\c@collectmore=\count429
\doublecol@number=\count430
\multicoltolerance=\count431
\multicolpretolerance=\count432
\full@width=\dimen167
\page@free=\dimen168
\premulticols=\dimen169
\postmulticols=\dimen170
\multicolsep=\skip73
\multicolbaselineskip=\skip74
\partial@page=\box53
\last@line=\box54
\mc@boxedresult=\box55
\maxbalancingoverflow=\dimen171
\mult@rightbox=\box56
\mult@grightbox=\box57
\mult@firstbox=\box58
\mult@gfirstbox=\box59
\@tempa=\box60
\@tempa=\box61
\@tempa=\box62
\@tempa=\box63
\@tempa=\box64
\@tempa=\box65
\@tempa=\box66
\@tempa=\box67
\@tempa=\box68
\@tempa=\box69
\@tempa=\box70
\@tempa=\box71
\@tempa=\box72
\@tempa=\box73
\@tempa=\box74
\@tempa=\box75
\@tempa=\box76
\@tempa=\box77
\@tempa=\box78
\@tempa=\box79
\@tempa=\box80
\@tempa=\box81
\@tempa=\box82
\@tempa=\box83
\@tempa=\box84
\@tempa=\box85
\@tempa=\box86
\@tempa=\box87
\@tempa=\box88
\@tempa=\box89
\@tempa=\box90
\@tempa=\box91
\@tempa=\box92
\@tempa=\box93
\@tempa=\box94
\@tempa=\box95
\c@minrows=\count433
\c@columnbadness=\count434
\c@finalcolumnbadness=\count435
\last@try=\dimen172
\multicolovershoot=\dimen173
\multicolundershoot=\dimen174
\mult@nat@firstbox=\box96
\colbreak@box=\box97
\mc@col@check@num=\count436
)
(C:\Users\José Arroyo\AppData\Local\Programs\MiKTeX\tex/latex/tocbibind\tocbib
ind.sty
Package: tocbibind 2010/10/13 v1.5k extra ToC listings
Package tocbibind Info: The document has chapter divisions on input line 50.


Package tocbibind Note: Using chapter style headings, unless overridden.

)
(C:\Users\José Arroyo\AppData\Local\Programs\MiKTeX\tex/latex/appendix\appendi
x.sty
Package: appendix 2020/02/08 v1.2c extra appendix facilities
\c@@pps=\count437
\c@@ppsavesec=\count438
\c@@ppsaveapp=\count439
)
(C:\Users\José Arroyo\AppData\Local\Programs\MiKTeX\tex/latex/float\float.sty
Package: float 2001/11/08 v1.3d Float enhancements (AL)
\c@float@type=\count440
\float@exts=\toks25
\float@box=\box98
\@float@everytoks=\toks26
\@floatcapt=\box99
)
(C:\Users\José Arroyo\AppData\Local\Programs\MiKTeX\tex/latex/placeins\placein
s.sty
Package: placeins 2005/04/18  v 2.2
)
(C:\Users\José Arroyo\AppData\Local\Programs\MiKTeX\tex/latex/fancyhdr\fancyhd
r.sty
Package: fancyhdr 2022/11/09 v4.1 Extensive control of page headers and footers

\f@nch@headwidth=\skip75
\f@nch@O@elh=\skip76
\f@nch@O@erh=\skip77
\f@nch@O@olh=\skip78
\f@nch@O@orh=\skip79
\f@nch@O@elf=\skip80
\f@nch@O@erf=\skip81
\f@nch@O@olf=\skip82
\f@nch@O@orf=\skip83
)
(C:\Users\José Arroyo\AppData\Local\Programs\MiKTeX\tex/latex/tools\array.sty
Package: array 2023/10/16 v2.5g Tabular extension package (FMi)
\col@sep=\dimen175
\ar@mcellbox=\box100
\extrarowheight=\dimen176
\NC@list=\toks27
\extratabsurround=\skip84
\backup@length=\skip85
\ar@cellbox=\box101
)
(C:\Users\José Arroyo\AppData\Local\Programs\MiKTeX\tex/latex/ragged2e\ragged2
e.sty
Package: ragged2e 2023/06/22 v3.6 ragged2e Package
\CenteringLeftskip=\skip86
\RaggedLeftLeftskip=\skip87
\RaggedRightLeftskip=\skip88
\CenteringRightskip=\skip89
\RaggedLeftRightskip=\skip90
\RaggedRightRightskip=\skip91
\CenteringParfillskip=\skip92
\RaggedLeftParfillskip=\skip93
\RaggedRightParfillskip=\skip94
\JustifyingParfillskip=\skip95
\CenteringParindent=\skip96
\RaggedLeftParindent=\skip97
\RaggedRightParindent=\skip98
\JustifyingParindent=\skip99
)
(C:\Users\José Arroyo\AppData\Local\Programs\MiKTeX\tex/latex/multirow\multiro
w.sty
Package: multirow 2021/03/15 v2.8 Span multiple rows of a table
\multirow@colwidth=\skip100
\multirow@cntb=\count441
\multirow@dima=\skip101
\bigstrutjot=\dimen177
)
(C:\Users\José Arroyo\AppData\Local\Programs\MiKTeX\tex/latex/makecell\makecel
l.sty
Package: makecell 2009/08/03 V0.1e Managing of Tab Column Heads and Cells
\rotheadsize=\dimen178
\c@nlinenum=\count442
\TeXr@lab=\toks28
)
(C:\Users\José Arroyo\AppData\Local\Programs\MiKTeX\tex/latex/graphics\rotatin
g.sty
Package: rotating 2016/08/11 v2.16d rotated objects in LaTeX
\c@r@tfl@t=\count443
\rotFPtop=\skip102
\rotFPbot=\skip103
\rot@float@box=\box102
\rot@mess@toks=\toks29
)
(C:\Users\José Arroyo\AppData\Local\Programs\MiKTeX\tex/latex/siunitx\siunitx.
sty
Package: siunitx 2024-04-15 v3.3.14 A comprehensive (SI) units package
\l__siunitx_number_uncert_offset_int=\count444
\l__siunitx_number_exponent_fixed_int=\count445
\l__siunitx_number_min_decimal_int=\count446
\l__siunitx_number_min_integer_int=\count447
\l__siunitx_number_round_precision_int=\count448
\l__siunitx_number_lower_threshold_int=\count449
\l__siunitx_number_upper_threshold_int=\count450
\l__siunitx_number_group_first_int=\count451
\l__siunitx_number_group_size_int=\count452
\l__siunitx_number_group_minimum_int=\count453
\l__siunitx_angle_tmp_dim=\dimen179
\l__siunitx_angle_marker_box=\box103
\l__siunitx_angle_unit_box=\box104
\l__siunitx_compound_count_int=\count454

(C:\Users\José Arroyo\AppData\Local\Programs\MiKTeX\tex/latex/translations\tra
nslations.sty
Package: translations 2022/02/05 v1.12 internationalization of LaTeX2e packages
 (CN)
)
(C:\Users\José Arroyo\AppData\Local\Programs\MiKTeX\tex/latex/amsmath\amstext.
sty
Package: amstext 2021/08/26 v2.01 AMS text

(C:\Users\José Arroyo\AppData\Local\Programs\MiKTeX\tex/latex/amsmath\amsgen.s
ty
File: amsgen.sty 1999/11/30 v2.0 generic functions
\@emptytoks=\toks30
\ex@=\dimen180
))
\l__siunitx_table_tmp_box=\box105
\l__siunitx_table_tmp_dim=\dimen181
\l__siunitx_table_column_width_dim=\dimen182
\l__siunitx_table_integer_box=\box106
\l__siunitx_table_decimal_box=\box107
\l__siunitx_table_uncert_box=\box108
\l__siunitx_table_before_box=\box109
\l__siunitx_table_after_box=\box110
\l__siunitx_table_before_dim=\dimen183
\l__siunitx_table_carry_dim=\dimen184
\l__siunitx_unit_tmp_int=\count455
\l__siunitx_unit_position_int=\count456
\l__siunitx_unit_total_int=\count457
)
(C:\Users\José Arroyo\AppData\Local\Programs\MiKTeX\tex/latex/xcolor\xcolor.st
y
Package: xcolor 2023/11/15 v3.01 LaTeX color extensions (UK)

(C:\Users\José Arroyo\AppData\Local\Programs\MiKTeX\tex/latex/graphics-cfg\col
or.cfg
File: color.cfg 2016/01/02 v1.6 sample color configuration
)
Package xcolor Info: Driver file: pdftex.def on input line 274.
LaTeX Info: Redefining \color on input line 758.

(C:\Users\José Arroyo\AppData\Local\Programs\MiKTeX\tex/latex/graphics\mathcol
or.ltx)
Package xcolor Info: Model `cmy' substituted by `cmy0' on input line 1350.
Package xcolor Info: Model `hsb' substituted by `rgb' on input line 1354.
Package xcolor Info: Model `RGB' extended on input line 1366.
Package xcolor Info: Model `HTML' substituted by `rgb' on input line 1368.
Package xcolor Info: Model `Hsb' substituted by `hsb' on input line 1369.
Package xcolor Info: Model `tHsb' substituted by `hsb' on input line 1370.
Package xcolor Info: Model `HSB' substituted by `hsb' on input line 1371.
Package xcolor Info: Model `Gray' substituted by `gray' on input line 1372.
Package xcolor Info: Model `wave' substituted by `hsb' on input line 1373.
)
(C:\Users\José Arroyo\AppData\Local\Programs\MiKTeX\tex/latex/colortbl\colortb
l.sty
Package: colortbl 2024/02/20 v1.0g Color table columns (DPC)
\everycr=\toks31
\minrowclearance=\skip104
\rownum=\count458
)
(C:\Users\José Arroyo\AppData\Local\Programs\MiKTeX\tex/latex/amsmath\amsmath.
sty
Package: amsmath 2023/05/13 v2.17o AMS math features
\@mathmargin=\skip105

For additional information on amsmath, use the `?' option.

(C:\Users\José Arroyo\AppData\Local\Programs\MiKTeX\tex/latex/amsmath\amsbsy.s
ty
Package: amsbsy 1999/11/29 v1.2d Bold Symbols
\pmbraise@=\dimen185
)
(C:\Users\José Arroyo\AppData\Local\Programs\MiKTeX\tex/latex/amsmath\amsopn.s
ty
Package: amsopn 2022/04/08 v2.04 operator names
)
\inf@bad=\count459
LaTeX Info: Redefining \frac on input line 234.
\uproot@=\count460
\leftroot@=\count461
LaTeX Info: Redefining \overline on input line 399.
LaTeX Info: Redefining \colon on input line 410.
\classnum@=\count462
\DOTSCASE@=\count463
LaTeX Info: Redefining \ldots on input line 496.
LaTeX Info: Redefining \dots on input line 499.
LaTeX Info: Redefining \cdots on input line 620.
\Mathstrutbox@=\box111
\strutbox@=\box112
LaTeX Info: Redefining \big on input line 722.
LaTeX Info: Redefining \Big on input line 723.
LaTeX Info: Redefining \bigg on input line 724.
LaTeX Info: Redefining \Bigg on input line 725.
\big@size=\dimen186
LaTeX Font Info:    Redeclaring font encoding OML on input line 743.
LaTeX Font Info:    Redeclaring font encoding OMS on input line 744.
\macc@depth=\count464
LaTeX Info: Redefining \bmod on input line 905.
LaTeX Info: Redefining \pmod on input line 910.
LaTeX Info: Redefining \smash on input line 940.
LaTeX Info: Redefining \relbar on input line 970.
LaTeX Info: Redefining \Relbar on input line 971.
\c@MaxMatrixCols=\count465
\dotsspace@=\muskip21
\c@parentequation=\count466
\dspbrk@lvl=\count467
\tag@help=\toks32
\row@=\count468
\column@=\count469
\maxfields@=\count470
\andhelp@=\toks33
\eqnshift@=\dimen187
\alignsep@=\dimen188
\tagshift@=\dimen189
\tagwidth@=\dimen190
\totwidth@=\dimen191
\lineht@=\dimen192
\@envbody=\toks34
\multlinegap=\skip106
\multlinetaggap=\skip107
\mathdisplay@stack=\toks35
LaTeX Info: Redefining \[ on input line 2953.
LaTeX Info: Redefining \] on input line 2954.
)
(C:\Users\José Arroyo\AppData\Local\Programs\MiKTeX\tex/latex/mathtools\mathto
ols.sty
Package: mathtools 2024/03/11 v1.30 mathematical typesetting tools

(C:\Users\José Arroyo\AppData\Local\Programs\MiKTeX\tex/latex/tools\calc.sty
Package: calc 2023/07/08 v4.3 Infix arithmetic (KKT,FJ)
\calc@Acount=\count471
\calc@Bcount=\count472
\calc@Adimen=\dimen193
\calc@Bdimen=\dimen194
\calc@Askip=\skip108
\calc@Bskip=\skip109
LaTeX Info: Redefining \setlength on input line 80.
LaTeX Info: Redefining \addtolength on input line 81.
\calc@Ccount=\count473
\calc@Cskip=\skip110
)
(C:\Users\José Arroyo\AppData\Local\Programs\MiKTeX\tex/latex/mathtools\mhsetu
p.sty
Package: mhsetup 2021/03/18 v1.4 programming setup (MH)
)
\g_MT_multlinerow_int=\count474
\l_MT_multwidth_dim=\dimen195
\origjot=\skip111
\l_MT_shortvdotswithinadjustabove_dim=\dimen196
\l_MT_shortvdotswithinadjustbelow_dim=\dimen197
\l_MT_above_intertext_sep=\dimen198
\l_MT_below_intertext_sep=\dimen199
\l_MT_above_shortintertext_sep=\dimen256
\l_MT_below_shortintertext_sep=\dimen257
\xmathstrut@box=\box113
\xmathstrut@dim=\dimen258
)
(C:\Users\José Arroyo\AppData\Local\Programs\MiKTeX\tex/latex/ncctools\nccmath
.sty
Package: nccmath 2006/01/20 v1.3 Additional Math Commands (NCC)
\NCC@fracrulewidth=\dimen259
)
(C:\Users\José Arroyo\AppData\Local\Programs\MiKTeX\tex/latex/cool\cool.sty
Package: cool 2023/05/03 v1.35 COntent Oriented LaTeX

(C:\Users\José Arroyo\AppData\Local\Programs\MiKTeX\tex/latex/coollist\coollis
t.sty
Package: coollist 2023/05/03 v1.4 COntent Oriented LaTeX Lists

(C:\Users\José Arroyo\AppData\Local\Programs\MiKTeX\tex/latex/coolstr\coolstr.
sty
Package: coolstr 2009/09/09 v2.2 COntent Oriented LaTeX Strings
\c@COOL@strlen=\count475
\c@COOL@strpointer=\count476
\c@COOL@str@index=\count477
\c@COOL@str@start=\count478
\c@COOL@str@end=\count479
)
(C:\Users\José Arroyo\AppData\Local\Programs\MiKTeX\tex/latex/forloop\forloop.
sty
Package: forloop 2023/05/03 v3.0 For Loops for LaTeX
)
\c@COOL@listlen=\count480
\c@COOL@listpointer=\count481
\c@COOL@intsum=\count482
\c@COOL@register@ct=\count483
\c@COOL@register@len=\count484
)
(C:\Users\José Arroyo\AppData\Local\Programs\MiKTeX\tex/latex/bbm\bbm.sty
Package: bbm 1999/03/15 V 1.2 provides fonts for set symbols - TH
LaTeX Font Info:    Overwriting math alphabet `\mathbbm' in version `bold'
(Font)                  U/bbm/m/n --> U/bbm/bx/n on input line 33.
LaTeX Font Info:    Overwriting math alphabet `\mathbbmss' in version `bold'
(Font)                  U/bbmss/m/n --> U/bbmss/bx/n on input line 35.
)
\c@COOL@ct=\count485
\c@COOL@ct@=\count486
\c@COOL@multideriv=\count487
\c@COOL@row=\count488
\c@COOL@col=\count489
)
Package csquotes Info: Checking for multilingual support...
Package csquotes Info: ... found 'babel' package.
Package csquotes Info: Adjusting default style.
Package csquotes Info: Redefining alias 'default' -> 'spanish'.
LaTeX Font Info:    Trying to load font information for OT1+ptm on input line 1
34.

(C:\Users\José Arroyo\AppData\Local\Programs\MiKTeX\tex/latex/psnfss\ot1ptm.fd
File: ot1ptm.fd 2001/06/04 font definitions for OT1/ptm.
)

LaTeX Warning: Unused global option(s):
    [times].

(tesis.aux
LaTeX Info: Redefining \. on input line 12.
LaTeX Info: Redefining \% on input line 12.
 (0/resumen.aux) (0/abstract.aux) (0/dedicacion.aux)
(0/agradecimientos.aux) (1/planteamiento.aux) (2/marco.aux) (3/metodologia.aux)
(4/desarrollo.aux) (5/resultados.aux) (6/conclusion.aux) (anexos/anexo.aux))
\openout1 = `tesis.aux'.

LaTeX Font Info:    Checking defaults for OML/cmm/m/it on input line 134.
LaTeX Font Info:    ... okay on input line 134.
LaTeX Font Info:    Checking defaults for OMS/cmsy/m/n on input line 134.
LaTeX Font Info:    ... okay on input line 134.
LaTeX Font Info:    Checking defaults for OT1/cmr/m/n on input line 134.
LaTeX Font Info:    ... okay on input line 134.
LaTeX Font Info:    Checking defaults for T1/cmr/m/n on input line 134.
LaTeX Font Info:    ... okay on input line 134.
LaTeX Font Info:    Checking defaults for TS1/cmr/m/n on input line 134.
LaTeX Font Info:    ... okay on input line 134.
LaTeX Font Info:    Checking defaults for OMX/cmex/m/n on input line 134.
LaTeX Font Info:    ... okay on input line 134.
LaTeX Font Info:    Checking defaults for U/cmr/m/n on input line 134.
LaTeX Font Info:    ... okay on input line 134.
LaTeX Font Info:    Checking defaults for PD1/pdf/m/n on input line 134.
LaTeX Font Info:    ... okay on input line 134.
LaTeX Font Info:    Checking defaults for PU/pdf/m/n on input line 134.
LaTeX Font Info:    ... okay on input line 134.

*geometry* driver: auto-detecting
*geometry* detected driver: pdftex
*geometry* verbose mode - [ preamble ] result:
* driver: pdftex
* paper: a4paper
* layout: <same size as paper>
* layoutoffset:(h,v)=(0.0pt,0.0pt)
* modes: 
* h-part:(L,W,R)=(72.2698pt, 452.96826pt, 72.2698pt)
* v-part:(T,H,B)=(72.2698pt, 700.50723pt, 72.2698pt)
* \paperwidth=597.50787pt
* \paperheight=845.04684pt
* \textwidth=452.96826pt
* \textheight=700.50723pt
* \oddsidemargin=-0.00018pt
* \evensidemargin=-0.00018pt
* \topmargin=-37.00018pt
* \headheight=12.0pt
* \headsep=25.0pt
* \topskip=12.0pt
* \footskip=30.0pt
* \marginparwidth=44.0pt
* \marginparsep=10.0pt
* \columnsep=20.0pt
* \skip\footins=10.8pt plus 4.0pt minus 2.0pt
* \hoffset=0.0pt
* \voffset=0.0pt
* \mag=1000
* \@twocolumnfalse
* \@twosidefalse
* \@mparswitchfalse
* \@reversemarginfalse
* (1in=72.27pt=25.4mm, 1cm=28.453pt)

LaTeX Info: Redefining \. on input line 134.
LaTeX Info: Redefining \% on input line 134.
Package biblatex Info: Trying to load language 'spanish' -> 'spanish-apa'...
Package biblatex Info: ... file 'spanish-apa.lbx' found.

(C:\Users\José Arroyo\AppData\Local\Programs\MiKTeX\tex/latex/biblatex-apa\spa
nish-apa.lbx
File: spanish-apa.lbx 2023/03/20 v9.17 APA biblatex localisation
Package biblatex Info: Trying to load language 'spanish'...
Package biblatex Info: ... file 'spanish.lbx' found.

(C:\Users\José Arroyo\AppData\Local\Programs\MiKTeX\tex/latex/biblatex/lbx\spa
nish.lbx
File: spanish.lbx 2023/03/05 v3.19 biblatex localization (PK/MW)
)
Package biblatex Info: Trying to load language 'spanish'...
Package biblatex Info: ... file 'spanish.lbx' found.

(C:\Users\José Arroyo\AppData\Local\Programs\MiKTeX\tex/latex/biblatex/lbx\spa
nish.lbx
File: spanish.lbx 2023/03/05 v3.19 biblatex localization (PK/MW)
))
Package biblatex Info: Input encoding 'utf8' detected.
Package biblatex Info: Automatic encoding selection.
(biblatex)             Assuming data encoding 'utf8'.
\openout3 = `tesis.bcf'.

Package biblatex Info: Trying to load bibliographic data...
Package biblatex Info: ... file 'tesis.bbl' found.
 (tesis.bbl)
Package biblatex Info: Reference section=0 on input line 134.
Package biblatex Info: Reference segment=0 on input line 134.
Package hyperref Info: Link coloring ON on input line 134.
 (tesis.out) (tesis.out)
\@outlinefile=\write4
\openout4 = `tesis.out'.


(C:\Users\José Arroyo\AppData\Local\Programs\MiKTeX\tex/context/base/mkii\supp
-pdf.mkii
[Loading MPS to PDF converter (version 2006.09.02).]
\scratchcounter=\count490
\scratchdimen=\dimen260
\scratchbox=\box114
\nofMPsegments=\count491
\nofMParguments=\count492
\everyMPshowfont=\toks36
\MPscratchCnt=\count493
\MPscratchDim=\dimen261
\MPnumerator=\count494
\makeMPintoPDFobject=\count495
\everyMPtoPDFconversion=\toks37
)
(C:\Users\José Arroyo\AppData\Local\Programs\MiKTeX\tex/latex/epstopdf-pkg\eps
topdf-base.sty
Package: epstopdf-base 2020-01-24 v2.11 Base part for package epstopdf
Package epstopdf-base Info: Redefining graphics rule for `.eps' on input line 4
85.

(C:\Users\José Arroyo\AppData\Local\Programs\MiKTeX\tex/latex/00miktex\epstopd
f-sys.cfg
File: epstopdf-sys.cfg 2021/03/18 v2.0 Configuration of epstopdf for MiKTeX
))
Package caption Info: Begin \AtBeginDocument code.
Package caption Info: float package is loaded.
Package caption Info: rotating package is loaded.
Package caption Info: End \AtBeginDocument code.

(C:\Users\José Arroyo\AppData\Local\Programs\MiKTeX\tex/latex/translations/dic
ts\translations-basic-dictionary-spanish.trsl
File: translations-basic-dictionary-spanish.trsl (spanish translation file `tra
nslations-basic-dictionary')
)
Package translations Info: loading dictionary `translations-basic-dictionary' f
or `spanish'. on input line 134.
<images_repo/esanlogomin.png, id=395, 100.6962pt x 100.2144pt>
File: images_repo/esanlogomin.png Graphic file (type png)
<use images_repo/esanlogomin.png>
Package pdftex.def Info: images_repo/esanlogomin.png  used on input line 140.
(pdftex.def)             Requested size: 203.83434pt x 202.87491pt.
 [1

{C:/Users/José Arroyo/AppData/Local/MiKTeX/fonts/map/pdftex/pdftex.map}{C:/Use
rs/José Arroyo/AppData/Local/Programs/MiKTeX/fonts/enc/dvips/base/8r.enc} <./i
mages_repo/esanlogomin.png>]
\openout2 = `0/resumen.aux'.


(0/resumen.tex
Underfull \hbox (badness 10000) in paragraph at lines 9--11

 []

)
pdfTeX warning (ext4): destination with the same identifier (name{page.1}) has 
been already used, duplicate ignored
<to be read again> 
                   \relax 
l.162 \include{0/resumen}
                          [1

]
\openout2 = `0/abstract.aux'.

 (0/abstract.tex
Underfull \hbox (badness 10000) in paragraph at lines 9--11

 []

) [2



]
\openout2 = `0/dedicacion.aux'.

 (0/dedicacion.tex) [3



]
\openout2 = `0/agradecimientos.aux'.

 (0/agradecimientos.tex
Underfull \hbox (badness 10000) in paragraph at lines 9--11

 []

) [4



] (tesis.toc
LaTeX Info: Redefining \sptext on input line 1.
LaTeX Info: Redefining \. on input line 1.
LaTeX Info: Redefining \% on input line 1.
LaTeX Font Info:    Trying to load font information for OT1+ztmcm on input line
 5.

(C:\Users\José Arroyo\AppData\Local\Programs\MiKTeX\tex/latex/psnfss\ot1ztmcm.
fd
File: ot1ztmcm.fd 2000/01/03 Fontinst v1.801 font definitions for OT1/ztmcm.
)
LaTeX Font Info:    Trying to load font information for OML+ztmcm on input line
 5.

(C:\Users\José Arroyo\AppData\Local\Programs\MiKTeX\tex/latex/psnfss\omlztmcm.
fd
File: omlztmcm.fd 2000/01/03 Fontinst v1.801 font definitions for OML/ztmcm.
)
LaTeX Font Info:    Trying to load font information for OMS+ztmcm on input line
 5.

(C:\Users\José Arroyo\AppData\Local\Programs\MiKTeX\tex/latex/psnfss\omsztmcm.
fd
File: omsztmcm.fd 2000/01/03 Fontinst v1.801 font definitions for OMS/ztmcm.
)
LaTeX Font Info:    Trying to load font information for OMX+ztmcm on input line
 5.

(C:\Users\José Arroyo\AppData\Local\Programs\MiKTeX\tex/latex/psnfss\omxztmcm.
fd
File: omxztmcm.fd 2000/01/03 Fontinst v1.801 font definitions for OMX/ztmcm.
)
LaTeX Font Info:    Font shape `OT1/ptm/bx/n' in size <12> not available
(Font)              Font shape `OT1/ptm/b/n' tried instead on input line 5.
LaTeX Font Info:    Font shape `OT1/ptm/bx/n' in size <9> not available
(Font)              Font shape `OT1/ptm/b/n' tried instead on input line 5.
LaTeX Font Info:    Font shape `OT1/ptm/bx/n' in size <7> not available
(Font)              Font shape `OT1/ptm/b/n' tried instead on input line 5.
 [5



]
LaTeX Info: Redefining \sptext on input line 97.
LaTeX Info: Redefining \. on input line 97.
LaTeX Info: Redefining \% on input line 97.
 [6]
LaTeX Info: Redefining \sptext on input line 124.
LaTeX Info: Redefining \. on input line 124.
LaTeX Info: Redefining \% on input line 124.
 [7])
\tf@toc=\write5
\openout5 = `tesis.toc'.

LaTeX Info: Redefining \. on input line 180.
LaTeX Info: Redefining \% on input line 180.
 [8] (tesis.lof
LaTeX Info: Redefining \sptext on input line 1.
LaTeX Info: Redefining \. on input line 1.
LaTeX Info: Redefining \% on input line 1.
)
\tf@lof=\write6
\openout6 = `tesis.lof'.

 [9

] (tesis.lot
LaTeX Info: Redefining \sptext on input line 1.
LaTeX Info: Redefining \. on input line 1.
LaTeX Info: Redefining \% on input line 1.
)
\tf@lot=\write7
\openout7 = `tesis.lot'.

 [10

]
\openout2 = `1/planteamiento.aux'.

 (1/planteamiento.tex
Cap\'{\i }tulo 1.
<images_repo/Predominiodeladiabetes.jpg, id=575, 2140.99875pt x 1071.00125pt>
File: images_repo/Predominiodeladiabetes.jpg Graphic file (type jpg)
<use images_repo/Predominiodeladiabetes.jpg>
Package pdftex.def Info: images_repo/Predominiodeladiabetes.jpg  used on input 
line 10.
(pdftex.def)             Requested size: 362.37598pt x 181.26703pt.
[11


 <./images_repo/Predominiodeladiabetes.jpg>]
LaTeX Info: Redefining \. on input line 46.
LaTeX Info: Redefining \% on input line 46.
 [12]
Overfull \hbox (1.63419pt too wide) in paragraph at lines 98--99
[]\OT1/ptm/m/n/12 Identificar los da-tos ne-ce-sa-rios pa-ra en-tre-nar mo-de-l
os de deep lear-ning en la pre-detecci[]on
 []

LaTeX Info: Redefining \. on input line 110.
LaTeX Info: Redefining \% on input line 110.
[13]
LaTeX Info: Redefining \. on input line 120.
LaTeX Info: Redefining \% on input line 120.
 [14]
LaTeX Info: Redefining \. on input line 136.
LaTeX Info: Redefining \% on input line 136.
 [15]
LaTeX Info: Redefining \. on input line 171.
LaTeX Info: Redefining \% on input line 171.
 [16]

LaTeX Warning: Reference `1:table' on page 17 undefined on input line 177.

)
LaTeX Info: Redefining \. on input line 186.
LaTeX Info: Redefining \% on input line 186.
 [17]
\openout2 = `2/marco.aux'.

 (2/marco.tex
Cap\'{\i }tulo 2.
(2/1_antecedentes/antecedentes.tex
Overfull \hbox (10.18945pt too wide) in paragraph at lines 3--3
[]\OT1/ptm/b/n/14.4 Deep Con-vo-lu-tio-nal Neu-ral Net-works for De-tec-ting CO
VID-19 Using
 []


Package hyperref Warning: Token not allowed in a PDF string (Unicode):
(hyperref)                removing `\citep' on input line 3.

[18




]
<images_repo/patronescovid.jpg, id=627, 419.31656pt x 136.25906pt>
File: images_repo/patronescovid.jpg Graphic file (type jpg)
<use images_repo/patronescovid.jpg>
Package pdftex.def Info: images_repo/patronescovid.jpg  used on input line 31.
(pdftex.def)             Requested size: 407.66867pt x 132.47467pt.
LaTeX Info: Redefining \. on input line 41.
LaTeX Info: Redefining \% on input line 41.
 [19 <./images_repo/patronescovid.jpg>]
<images_repo/ESTRUCTURADETECCIONCOVID.jpg, id=636, 345.54094pt x 265.74281pt>
File: images_repo/ESTRUCTURADETECCIONCOVID.jpg Graphic file (type jpg)
<use images_repo/ESTRUCTURADETECCIONCOVID.jpg>
Package pdftex.def Info: images_repo/ESTRUCTURADETECCIONCOVID.jpg  used on inpu
t line 73.
(pdftex.def)             Requested size: 407.66867pt x 313.52919pt.
LaTeX Info: Redefining \. on input line 77.
LaTeX Info: Redefining \% on input line 77.
 [20]

Package hyperref Warning: Token not allowed in a PDF string (Unicode):
(hyperref)                removing `\citep' on input line 80.

LaTeX Info: Redefining \. on input line 91.
LaTeX Info: Redefining \% on input line 91.
[21 <./images_repo/ESTRUCTURADETECCIONCOVID.jpg>]
<images_repo/stacking.jpg, id=652, 586.44093pt x 324.46219pt>
File: images_repo/stacking.jpg Graphic file (type jpg)
<use images_repo/stacking.jpg>
Package pdftex.def Info: images_repo/stacking.jpg  used on input line 114.
(pdftex.def)             Requested size: 407.66867pt x 225.55254pt.
LaTeX Info: Redefining \. on input line 122.
LaTeX Info: Redefining \% on input line 122.
 [22 <./images_repo/stacking.jpg>]
<images_repo/modelopropuesto.jpg, id=661, 215.30438pt x 214.55156pt>
File: images_repo/modelopropuesto.jpg Graphic file (type jpg)
<use images_repo/modelopropuesto.jpg>
Package pdftex.def Info: images_repo/modelopropuesto.jpg  used on input line 14
2.
(pdftex.def)             Requested size: 317.0764pt x 315.99919pt.
LaTeX Info: Redefining \. on input line 152.
LaTeX Info: Redefining \% on input line 152.
 [23 <./images_repo/modelopropuesto.jpg>]
<images_repo/METRICASRENDIMIENTO.jpg, id=671, 254.45062pt x 176.15813pt>
File: images_repo/METRICASRENDIMIENTO.jpg Graphic file (type jpg)
<use images_repo/METRICASRENDIMIENTO.jpg>
Package pdftex.def Info: images_repo/METRICASRENDIMIENTO.jpg  used on input lin
e 172.
(pdftex.def)             Requested size: 407.66867pt x 282.2458pt.
LaTeX Info: Redefining \. on input line 176.
LaTeX Info: Redefining \% on input line 176.
 [24]

Package hyperref Warning: Token not allowed in a PDF string (Unicode):
(hyperref)                removing `\citep' on input line 178.

LaTeX Info: Redefining \. on input line 189.
LaTeX Info: Redefining \% on input line 189.
[25 <./images_repo/METRICASRENDIMIENTO.jpg>]
<images_repo/clasilatid.jpg, id=687, 447.17062pt x 265.74281pt>
File: images_repo/clasilatid.jpg Graphic file (type jpg)
<use images_repo/clasilatid.jpg>
Package pdftex.def Info: images_repo/clasilatid.jpg  used on input line 213.
(pdftex.def)             Requested size: 407.66867pt x 242.27237pt.
LaTeX Info: Redefining \. on input line 217.
LaTeX Info: Redefining \% on input line 217.
 [26]
<images_repo/CNN.jpg, id=696, 584.93532pt x 261.22594pt>
File: images_repo/CNN.jpg Graphic file (type jpg)
<use images_repo/CNN.jpg>
Package pdftex.def Info: images_repo/CNN.jpg  used on input line 227.
(pdftex.def)             Requested size: 407.66867pt x 182.06767pt.
LaTeX Info: Redefining \. on input line 236.
LaTeX Info: Redefining \% on input line 236.
 [27 <./images_repo/clasilatid.jpg> <./images_repo/CNN.jpg>]
<images_repo/PERFORMAC.jpg, id=704, 656.4525pt x 128.73094pt>
File: images_repo/PERFORMAC.jpg Graphic file (type jpg)
<use images_repo/PERFORMAC.jpg>
Package pdftex.def Info: images_repo/PERFORMAC.jpg  used on input line 242.
(pdftex.def)             Requested size: 407.66867pt x 79.94394pt.


Package hyperref Warning: Token not allowed in a PDF string (Unicode):
(hyperref)                removing `\citep' on input line 248.

LaTeX Info: Redefining \. on input line 260.
LaTeX Info: Redefining \% on input line 260.
[28 <./images_repo/PERFORMAC.jpg>]
LaTeX Info: Redefining \. on input line 295.
LaTeX Info: Redefining \% on input line 295.
 [29]

Package hyperref Warning: Token not allowed in a PDF string (Unicode):
(hyperref)                removing `\citep' on input line 313.

LaTeX Info: Redefining \. on input line 322.
LaTeX Info: Redefining \% on input line 322.
[30]
<images_repo/USOSIA.jpg, id=729, 311.66437pt x 216.81pt>
File: images_repo/USOSIA.jpg Graphic file (type jpg)
<use images_repo/USOSIA.jpg>
Package pdftex.def Info: images_repo/USOSIA.jpg  used on input line 331.
(pdftex.def)             Requested size: 407.66867pt x 283.59972pt.
LaTeX Info: Redefining \. on input line 341.
LaTeX Info: Redefining \% on input line 341.
 [31 <./images_repo/USOSIA.jpg>]
<images_repo/APLICACION.jpg, id=737, 351.56343pt x 159.59625pt>
File: images_repo/APLICACION.jpg Graphic file (type jpg)
<use images_repo/APLICACION.jpg>
Package pdftex.def Info: images_repo/APLICACION.jpg  used on input line 359.
(pdftex.def)             Requested size: 407.66867pt x 185.06357pt.
LaTeX Info: Redefining \. on input line 368.
LaTeX Info: Redefining \% on input line 368.
 [32 <./images_repo/APLICACION.jpg>])
(2/2_teoria/base_teo.tex
LaTeX Info: Redefining \. on input line 8.
LaTeX Info: Redefining \% on input line 8.
 [33]
LaTeX Info: Redefining \. on input line 31.
LaTeX Info: Redefining \% on input line 31.
 [34]
Overfull \hbox (22.28723pt too wide) in paragraph at lines 45--46
[]\OT1/ptm/b/n/12 Extracci[]on de Ca-rac-ter[]^^Psti-cas: \OT1/ptm/m/n/12 Iden-
ti-fi-ca y ex-trae ca-rac-ter[]^^Psti-cas re-le-van-tes pa-ra el diagn[]osti-
 []

LaTeX Info: Redefining \. on input line 57.
LaTeX Info: Redefining \% on input line 57.
[35]
LaTeX Info: Redefining \. on input line 81.
LaTeX Info: Redefining \% on input line 81.
 [36]
LaTeX Info: Redefining \. on input line 106.
LaTeX Info: Redefining \% on input line 106.
 [37]) (2/3_conceptos/marc_conceptual.tex
LaTeX Info: Redefining \. on input line 4.
LaTeX Info: Redefining \% on input line 4.
 [38]
LaTeX Info: Redefining \. on input line 27.
LaTeX Info: Redefining \% on input line 27.
 [39]))
LaTeX Info: Redefining \. on input line 187.
LaTeX Info: Redefining \% on input line 187.
 [40]
\openout2 = `3/metodologia.aux'.


(3/metodologia.tex
Cap\'{\i }tulo 3.
[41




]
<3/figures/largepotato.jpg, id=789, 491.8375pt x 291.0875pt>
File: 3/figures/largepotato.jpg Graphic file (type jpg)
<use 3/figures/largepotato.jpg>
Package pdftex.def Info: 3/figures/largepotato.jpg  used on input line 24.
(pdftex.def)             Requested size: 362.37598pt x 214.47751pt.
LaTeX Info: Redefining \. on input line 35.
LaTeX Info: Redefining \% on input line 35.
 [42 <./3/figures/largepotato.jpg>]
LaTeX Font Info:    Trying to load font information for U+eus on input line 54.


(C:\Users\José Arroyo\AppData\Local\Programs\MiKTeX\tex/latex/amsfonts\ueus.fd
File: ueus.fd 2013/01/14 v3.01 Euler Script
)
LaTeX Info: Redefining \. on input line 58.
LaTeX Info: Redefining \% on input line 58.
 [43])
LaTeX Info: Redefining \. on input line 188.
LaTeX Info: Redefining \% on input line 188.
 [44]
\openout2 = `4/desarrollo.aux'.

 (4/desarrollo.tex
Cap\'{\i }tulo 4.
[45




])
LaTeX Info: Redefining \. on input line 189.
LaTeX Info: Redefining \% on input line 189.
 [46]
\openout2 = `5/resultados.aux'.

 (5/resultados.tex
Cap\'{\i }tulo 5.
) [47




]
LaTeX Info: Redefining \. on input line 190.
LaTeX Info: Redefining \% on input line 190.
 [48]
\openout2 = `6/conclusion.aux'.

 (6/conclusion.tex
Cap\'{\i }tulo 6.
) [49




] [50




]
\openout2 = `anexos/anexo.aux'.

 (anexos/anexo.tex
Anexos A.
<C:/Users/José Arroyo/Desktop/tesis cambios/TesisJoseArroyo/images_repo/MATRIZ
 PARTE 1.png, id=839, 297.36093pt x 460.72125pt>
File: C:/Users/José Arroyo/Desktop/tesis cambios/TesisJoseArroyo/images_repo/M
ATRIZ PARTE 1.png Graphic file (type png)
<use C:/Users/José Arroyo/Desktop/tesis cambios/TesisJoseArroyo/images_repo/MA
TRIZ PARTE 1.png>
Package pdftex.def Info: C:/Users/José Arroyo/Desktop/tesis cambios/TesisJoseA
rroyo/images_repo/MATRIZ PARTE 1.png  used on input line 6.
(pdftex.def)             Requested size: 452.96826pt x 701.85019pt.

LaTeX Warning: Float too large for page by 29.02298pt on input line 9.


LaTeX Warning: `!h' float specifier changed to `!ht'.

<C:/Users/José Arroyo/Desktop/tesis cambios/TesisJoseArroyo/images_repo/MATRIZ
 PARTE 2.png, id=840, 398.99063pt x 500.62032pt>
File: C:/Users/José Arroyo/Desktop/tesis cambios/TesisJoseArroyo/images_repo/M
ATRIZ PARTE 2.png Graphic file (type png)
<use C:/Users/José Arroyo/Desktop/tesis cambios/TesisJoseArroyo/images_repo/MA
TRIZ PARTE 2.png>
Package pdftex.def Info: C:/Users/José Arroyo/Desktop/tesis cambios/TesisJoseA
rroyo/images_repo/MATRIZ PARTE 2.png  used on input line 14.
(pdftex.def)             Requested size: 452.96826pt x 568.37561pt.

LaTeX Warning: `!h' float specifier changed to `!ht'.

[51


]
LaTeX Info: Redefining \. on input line 19.
LaTeX Info: Redefining \% on input line 19.
 [52 <C:/Users/José Arroyo/Desktop/tesis cambios/TesisJoseArroyo/images_repo/M
ATRIZ PARTE 1.png>]
LaTeX Info: Redefining \. on input line 19.
LaTeX Info: Redefining \% on input line 19.
 [53 <C:/Users/José Arroyo/Desktop/tesis cambios/TesisJoseArroyo/images_repo/M
ATRIZ PARTE 2.png>]
Anexos B.
<C:/Users/José Arroyo/Desktop/tesis cambios/TesisJoseArroyo/images_repo/Arbol 
de problemas miro.jpg, id=857, 388.45125pt x 489.32813pt>
File: C:/Users/José Arroyo/Desktop/tesis cambios/TesisJoseArroyo/images_repo/A
rbol de problemas miro.jpg Graphic file (type jpg)
<use C:/Users/José Arroyo/Desktop/tesis cambios/TesisJoseArroyo/images_repo/Ar
bol de problemas miro.jpg>
Package pdftex.def Info: C:/Users/José Arroyo/Desktop/tesis cambios/TesisJoseA
rroyo/images_repo/Arbol de problemas miro.jpg  used on input line 24.
(pdftex.def)             Requested size: 452.96826pt x 570.6151pt.

LaTeX Warning: `!h' float specifier changed to `!ht'.

[54

]
LaTeX Info: Redefining \. on input line 29.
LaTeX Info: Redefining \% on input line 29.
 [55 <C:/Users/José Arroyo/Desktop/tesis cambios/TesisJoseArroyo/images_repo/A
rbol de problemas miro.jpg>]
Anexos C.
LaTeX Font Info:    Font shape `OT1/ptm/bx/n' in size <10> not available
(Font)              Font shape `OT1/ptm/b/n' tried instead on input line 34.
LaTeX Font Info:    Font shape `OT1/ptm/bx/n' in size <7.4> not available
(Font)              Font shape `OT1/ptm/b/n' tried instead on input line 34.
LaTeX Font Info:    Font shape `OT1/ptm/bx/n' in size <6> not available
(Font)              Font shape `OT1/ptm/b/n' tried instead on input line 34.
LaTeX Font Info:    Trying to load font information for TS1+ptm on input line 3
6.

(C:\Users\José Arroyo\AppData\Local\Programs\MiKTeX\tex/latex/psnfss\ts1ptm.fd
File: ts1ptm.fd 2001/06/04 font definitions for TS1/ptm.
)
Overfull \vbox (7.12952pt too high) detected at line 38
 []


Underfull \hbox (badness 5050) in paragraph at lines 38--38
[]|\OT1/ptm/m/n/10 Deep Con-vo-lu-tio-nal Neu-
 []


Underfull \hbox (badness 1661) in paragraph at lines 38--38
\OT1/ptm/m/n/10 COVID-19 Using Me-di-cal
 []


Overfull \hbox (2.92818pt too wide) in paragraph at lines 38--38
[]|\OT1/ptm/m/n/10 2020| 
 []


Underfull \hbox (badness 10000) in paragraph at lines 40--40
[]|\OT1/ptm/m/n/10 Heart Di-sea-se De-tec-tion
 []


Underfull \hbox (badness 10000) in paragraph at lines 40--40
\OT1/ptm/m/n/10 Using Ma-chi-ne Lear-ning
 []


Overfull \hbox (2.92818pt too wide) in paragraph at lines 40--40
[]|\OT1/ptm/m/n/10 2020| 
 []


Underfull \hbox (badness 1005) in paragraph at lines 40--41
\OT1/ptm/m/it/10 me-di-cal and Health
 []


Underfull \hbox (badness 6641) in paragraph at lines 42--42
[]|\OT1/ptm/m/n/10 Monitoring and Re-cog-ni-
 []


Underfull \hbox (badness 10000) in paragraph at lines 42--42
\OT1/ptm/m/n/10 Heart-beat Clas-si-fi-ca-tion
 []


Overfull \hbox (2.92818pt too wide) in paragraph at lines 42--42
[]|\OT1/ptm/m/n/10 2023| 
 []


Underfull \hbox (badness 2644) in paragraph at lines 42--43
[]|\OT1/ptm/m/it/10 Journal of Me-di-cal
 []


Underfull \hbox (badness 2285) in paragraph at lines 44--44
\OT1/ptm/m/n/10 From Diag-no-sis to Treat-
 []


Overfull \hbox (2.92818pt too wide) in paragraph at lines 44--44
[]|\OT1/ptm/m/n/10 2023| 
 []


Overfull \hbox (2.92818pt too wide) in paragraph at lines 46--46
[]|\OT1/ptm/m/n/10 2023| 
 []

[56

] (tesis.aux
LaTeX Info: Redefining \sptext on input line 12.
LaTeX Info: Redefining \. on input line 12.
LaTeX Info: Redefining \% on input line 12.
 (0/resumen.aux) (0/abstract.aux) (0/dedicacion.aux)
(0/agradecimientos.aux) (1/planteamiento.aux) (2/marco.aux) (3/metodologia.aux)
(4/desarrollo.aux) (5/resultados.aux) (6/conclusion.aux) (anexos/anexo.aux))
 ***********
LaTeX2e <2023-11-01> patch level 1
L3 programming layer <2024-01-04>
 ***********


LaTeX Warning: There were undefined references.

Package rerunfilecheck Info: File `tesis.out' has not changed.
(rerunfilecheck)             Checksum: F91F0F612B5EE8C8560B5BD60CA97AA7;19789.
Package logreq Info: Writing requests to 'tesis.run.xml'.
\openout1 = `tesis.run.xml'.

 ) )
(\end occurred when \iftrue on line 200 was incomplete)
(\end occurred when \ifx on line 200 was incomplete)
(\end occurred when \ifnum on line 200 was incomplete) 
Here is how much of TeX's memory you used:
 29553 strings out of 474486
 580812 string characters out of 5740415
 1941542 words of memory out of 5000000
 51128 multiletter control sequences out of 15000+600000
 602463 words of font info for 129 fonts, out of 8000000 for 9000
 1141 hyphenation exceptions out of 8191
 66i,14n,84p,1284b,3655s stack positions out of 10000i,1000n,20000p,200000b,200000s

pdfTeX warning (dest): name{cite.0@mohanty2023using} has been referenced but do
es not exist, replaced by a fixed one


pdfTeX warning (dest): name{cite.0@mane2023customized} has been referenced but 
does not exist, replaced by a fixed one


pdfTeX warning (dest): name{cite.0@rajeswari2022heart} has been referenced but 
does not exist, replaced by a fixed one


pdfTeX warning (dest): name{cite.0@yanhez2016prevalencia} has been referenced b
ut does not exist, replaced by a fixed one


pdfTeX warning (dest): name{cite.0@idf2021} has been referenced but does not ex
ist, replaced by a fixed one


pdfTeX warning (dest): name{cite.0@santhoshkumar2023} has been referenced but d
oes not exist, replaced by a fixed one


pdfTeX warning (dest): name{cite.0@huang2023advances} has been referenced but d
oes not exist, replaced by a fixed one


pdfTeX warning (dest): name{cite.0@arulkumar2023monitoring} has been referenced
 but does not exist, replaced by a fixed one


pdfTeX warning (dest): name{cite.0@jiang2020heart} has been referenced but does
 not exist, replaced by a fixed one


pdfTeX warning (dest): name{cite.0@sharma2020deep} has been referenced but does
 not exist, replaced by a fixed one

<C:/Users/José Arroyo/AppData/Local/Programs/MiKTeX/fonts/type1/public/amsfont
s/cm/cmmi10.pfb><C:/Users/José Arroyo/AppData/Local/Programs/MiKTeX/fonts/type
1/public/amsfonts/cm/cmr10.pfb><C:/Users/José Arroyo/AppData/Local/Programs/Mi
KTeX/fonts/type1/public/amsfonts/cm/cmsy10.pfb><C:/Users/José Arroyo/AppData/L
ocal/Programs/MiKTeX/fonts/type1/public/amsfonts/euler/eusm10.pfb><C:/Users/Jos
é Arroyo/AppData/Local/Programs/MiKTeX/fonts/type1/urw/symbol/usyr.pfb><C:/Use
rs/José Arroyo/AppData/Local/Programs/MiKTeX/fonts/type1/urw/symbol/usyr.pfb><
C:/Users/José Arroyo/AppData/Local/Programs/MiKTeX/fonts/type1/urw/times/utmb8
a.pfb><C:/Users/José Arroyo/AppData/Local/Programs/MiKTeX/fonts/type1/urw/time
s/utmr8a.pfb><C:/Users/José Arroyo/AppData/Local/Programs/MiKTeX/fonts/type1/u
rw/times/utmri8a.pfb>
Output written on tesis.pdf (57 pages, 945798 bytes).
PDF statistics:
 963 PDF objects out of 1000 (max. 8388607)
 217 named destinations out of 1000 (max. 500000)
 865 words of extra memory for PDF output out of 10000 (max. 10000000)

